2025-08-06 12:58:11,469 - INFO - Succesfully read the YAML file
2025-08-06 12:58:11,469 - INFO - Data Ingestion Started....
2025-08-06 12:58:11,469 - INFO - Starting Data Ingestion Process....
2025-08-06 12:58:15,448 - INFO - Downloading files
2025-08-06 12:58:18,230 - INFO - Downloading files
2025-08-06 13:02:39,648 - INFO - Large file detected Only downloading 80M rows
2025-08-06 13:02:39,663 - INFO - Downloading files
2025-08-06 13:02:39,695 - INFO - Data Ingestion Completed...
2025-08-06 13:02:39,695 - INFO - Data Ingestion DONE...
2025-08-06 13:07:25,207 - INFO - DataProcessing Intialized
2025-08-06 13:07:29,919 - INFO - Data loaded sucesfully for Data Processing
2025-08-06 13:07:30,719 - INFO - Filtered users sucesfully...
2025-08-06 13:07:36,122 - INFO - Scalind done for Processing 
2025-08-06 13:07:36,781 - INFO - Encoding done for Users and Anime
2025-08-06 13:07:40,461 - INFO - Data splitted sucesfullyy
2025-08-06 13:07:40,541 - INFO - user2user_encoded saved sucesfully in processed directory
2025-08-06 13:07:40,585 - INFO - user2user_decoded saved sucesfully in processed directory
2025-08-06 13:07:40,676 - INFO - anim2anime_encoded saved sucesfully in processed directory
2025-08-06 13:07:40,755 - INFO - anim2anime_decoded saved sucesfully in processed directory
2025-08-06 13:08:10,131 - INFO - ALl the training testing data as well as rating_df is saved now..
2025-08-06 13:08:28,574 - INFO - DF AND SYNOPSIS_Df saved sucesfullyy...
2025-08-06 13:08:28,580 - INFO - Data Processing Pipeline Run sucesfully .... Congrats
2025-08-06 13:09:33,462 - INFO - Model Training & COMET ML initialized..
2025-08-06 13:09:34,649 - INFO - Data loaded sucesfully for Model Trainig
2025-08-06 13:09:34,744 - INFO - Succesfully read the YAML file
2025-08-06 13:09:34,744 - INFO - Loaded configuration from config.yaml
2025-08-06 13:09:35,189 - INFO - Model created sucesfully....
2025-08-06 13:24:15,709 - INFO - Model training Completedd.....
2025-08-06 13:24:15,709 - WARNING - You are saving your model as an HDF5 file via `model.save()` or `keras.saving.save_model(model)`. This file format is considered legacy. We recommend using instead the native Keras format, e.g. `model.save('my_model.keras')` or `keras.saving.save_model(model, 'my_model.keras')`. 
2025-08-06 13:24:15,849 - INFO - Model saved to artifacts/model\model.h5
2025-08-06 13:24:15,858 - INFO - Extracting weights for user_embedding
2025-08-06 13:24:15,867 - INFO - Extracting weights for anime_embedding
2025-08-06 13:24:15,994 - INFO - User and Anime weights saved sucesfully....
2025-08-06 13:30:15,272 - INFO - DataProcessing Intialized
2025-08-06 13:30:20,652 - INFO - Data loaded sucesfully for Data Processing
2025-08-06 13:30:21,267 - INFO - Filtered users sucesfully...
2025-08-06 13:30:26,824 - INFO - Scalind done for Processing 
2025-08-06 13:30:27,434 - INFO - Encoding done for Users and Anime
2025-08-06 13:30:30,432 - INFO - Data splitted sucesfullyy
2025-08-06 13:30:30,505 - INFO - user2user_encoded saved sucesfully in processed directory
2025-08-06 13:30:30,553 - INFO - user2user_decoded saved sucesfully in processed directory
2025-08-06 13:30:30,644 - INFO - anim2anime_encoded saved sucesfully in processed directory
2025-08-06 13:30:30,743 - INFO - anim2anime_decoded saved sucesfully in processed directory
2025-08-06 13:30:56,452 - INFO - ALl the training testing data as well as rating_df is saved now..
2025-08-06 13:31:13,465 - INFO - DF AND SYNOPSIS_Df saved sucesfullyy...
2025-08-06 13:31:13,471 - INFO - Data Processing Pipeline Run sucesfully .... Congrats
2025-08-06 13:31:22,934 - INFO - Model Training & COMET ML initialized..
2025-08-06 13:31:24,589 - INFO - Data loaded sucesfully for Model Trainig
2025-08-06 13:31:24,892 - INFO - Succesfully read the YAML file
2025-08-06 13:31:24,892 - INFO - Loaded configuration from config.yaml
2025-08-06 13:31:26,161 - INFO - Model created sucesfully....
2025-08-06 13:44:40,834 - INFO - Model training Completedd.....
2025-08-06 13:44:40,834 - WARNING - You are saving your model as an HDF5 file via `model.save()` or `keras.saving.save_model(model)`. This file format is considered legacy. We recommend using instead the native Keras format, e.g. `model.save('my_model.keras')` or `keras.saving.save_model(model, 'my_model.keras')`. 
2025-08-06 13:44:40,965 - INFO - Model saved to artifacts/model\model.h5
2025-08-06 13:44:40,978 - INFO - Extracting weights for user_embedding
2025-08-06 13:44:40,995 - INFO - Extracting weights for anime_embedding
2025-08-06 13:44:41,101 - INFO - User and Anime weights saved sucesfully....
